
> anima-project@1.0.0 dev
> vite


  VITE v6.0.4  ready in 1994 ms

  ➜  Local:   http://localhost:5173/
  ➜  Network: use --host to expose
Files in the public directory are served at the root path.
Instead of /static/img/tarjeta-ranking.png, use /img/tarjeta-ranking.png.
Files in the public directory are served at the root path.
Instead of /static/img/tarjeta-ranking.png, use /img/tarjeta-ranking.png.
Files in the public directory are served at the root path.
Instead of /static/img/tarjeta-ranking.png, use /img/tarjeta-ranking.png.
Files in the public directory are served at the root path.
Instead of /static/img/tarjeta-ranking.png, use /img/tarjeta-ranking.png.
12:05:24 PM [vite] (client) hmr update /src/screens/HomeAll/HomeAll.jsx
12:05:32 PM [vite] (client) hmr update /src/screens/HomeAll/HomeAll.jsx
12:05:36 PM [vite] (client) hmr update /src/screens/HomeAll/HomeAll.jsx
12:05:38 PM [vite] (client) hmr update /src/screens/HomeAll/style.css
12:05:44 PM [vite] (client) hmr update /src/screens/HomeAll/style.css
12:05:50 PM [vite] (client) hmr update /src/screens/HomeAll/style.css
12:07:33 PM [vite] (client) hmr update /src/screens/HomeAll/HomeAll.jsx, /src/screens/HomeNext/HomeNext.jsx, /src/screens/Vote/Vote.jsx
12:07:38 PM [vite] (client) hmr update /src/screens/HomeAll/HomeAll.jsx, /src/screens/HomeNext/HomeNext.jsx, /src/screens/Vote/Vote.jsx
12:07:48 PM [vite] (client) hmr update /src/screens/HomeAll/HomeAll.jsx, /src/screens/HomeNext/HomeNext.jsx, /src/screens/Vote/Vote.jsx
12:07:53 PM [vite] (client) hmr update /src/App.jsx
12:07:58 PM [vite] (client) hmr update /src/App.jsx
12:08:05 PM [vite] (client) hmr update /src/screens/HomeAll/style.css
12:08:05 PM [vite] (client) hmr update /src/screens/HomeAll/style.css
12:08:12 PM [vite] (client) hmr update /src/screens/HomeAll/style.css
12:08:20 PM [vite] (client) hmr update /src/components/TarjetaProyectos/style.css
12:08:26 PM [vite] (client) hmr update /src/components/TarjetaProyectos/style.css
Files in the public directory are served at the root path.
Instead of /static/img/tarjeta-ranking.png, use /img/tarjeta-ranking.png.
Files in the public directory are served at the root path.
Instead of /static/img/tarjeta-ranking.png, use /img/tarjeta-ranking.png.
12:39:51 PM [vite] (client) hmr update /src/screens/HomeAll/HomeAll.jsx
12:39:56 PM [vite] (client) hmr update /src/screens/HomeAll/HomeAll.jsx
12:40:13 PM [vite] (client) hmr update /src/screens/HomeAll/style.css
12:44:31 PM [vite] (client) hmr update /src/components/TarjetaRanking/style.css
12:44:39 PM [vite] (client) hmr update /src/components/TarjetaRanking/style.css
12:44:39 PM [vite] (client) hmr update /src/components/TarjetaRanking/style.css
12:44:47 PM [vite] (client) hmr update /src/components/TarjetaRanking/style.css
12:44:52 PM [vite] (client) hmr update /src/components/TarjetaRanking/style.css
12:45:41 PM [vite] (client) hmr update /src/screens/HomeNext/HomeNext.jsx
12:45:48 PM [vite] (client) hmr update /src/screens/HomeNext/HomeNext.jsx
12:45:56 PM [vite] (client) hmr update /src/screens/HomeNext/HomeNext.jsx
12:46:02 PM [vite] (client) hmr update /src/screens/HomeNext/HomeNext.jsx
12:46:07 PM [vite] (client) hmr update /src/screens/HomeNext/HomeNext.jsx
12:47:57 PM [vite] (client) hmr update /src/screens/Create/CreateTokenWizard.jsx
12:49:50 PM [vite] (client) hmr update /src/screens/Create/CreateTokenWizard.css
Files in the public directory are served at the root path.
Instead of /static/img/tarjeta-ranking.png, use /img/tarjeta-ranking.png.
Files in the public directory are served at the root path.
Instead of /static/img/tarjeta-ranking.png, use /img/tarjeta-ranking.png.
Files in the public directory are served at the root path.
Instead of /static/img/tarjeta-ranking.png, use /img/tarjeta-ranking.png.
1:03:13 PM [vite] (client) hmr update /src/screens/HomeNext/HomeNext.jsx
1:03:27 PM [vite] (client) hmr update /src/screens/HomeNext/style.css
1:03:32 PM [vite] (client) hmr update /src/screens/HomeNext/style.css
1:03:36 PM [vite] (client) hmr update /src/screens/HomeNext/style.css
1:03:38 PM [vite] (client) hmr update /src/screens/HomeNext/style.css
1:03:38 PM [vite] (client) hmr update /src/screens/HomeNext/style.css
1:03:45 PM [vite] (client) hmr update /src/screens/HomeNext/style.css
1:04:50 PM [vite] (client) hmr update /src/screens/HomeNext/HomeNext.jsx
1:05:07 PM [vite] (client) hmr update /src/screens/HomeNext/HomeNext.jsx
1:05:14 PM [vite] (client) hmr update /src/screens/HomeNext/HomeNext.jsx
1:05:19 PM [vite] (client) hmr update /src/screens/HomeNext/HomeNext.jsx
1:05:25 PM [vite] (client) hmr update /src/screens/HomeNext/HomeNext.jsx
1:05:37 PM [vite] (client) hmr update /src/screens/HomeNext/HomeNext.jsx
1:05:37 PM [vite] (client) hmr update /src/screens/HomeNext/HomeNext.jsx
1:05:44 PM [vite] (client) hmr update /src/screens/HomeNext/HomeNext.jsx
1:05:50 PM [vite] (client) hmr update /src/screens/HomeNext/HomeNext.jsx
1:05:56 PM [vite] (client) hmr update /src/screens/HomeNext/HomeNext.jsx
1:06:07 PM [vite] (client) hmr update /src/screens/HomeNext/HomeNext.jsx
1:06:13 PM [vite] (client) hmr update /src/screens/HomeNext/HomeNext.jsx
Files in the public directory are served at the root path.
Instead of /static/img/rectangle-6.png, use /img/rectangle-6.png.
1:06:25 PM [vite] (client) hmr update /src/screens/HomeNext/style.css
1:06:31 PM [vite] (client) hmr update /src/screens/HomeNext/HomeNext.jsx
1:06:31 PM [vite] (client) hmr update /src/screens/HomeNext/HomeNext.jsx
1:06:38 PM [vite] (client) hmr update /src/screens/HomeNext/HomeNext.jsx
Files in the public directory are served at the root path.
Instead of /static/img/rectangle-6.png, use /img/rectangle-6.png.
Files in the public directory are served at the root path.
Instead of /static/img/tarjeta-ranking.png, use /img/tarjeta-ranking.png.
6:35:39 PM [vite] (client) hmr update /src/components/Heder/style.css
6:41:14 PM [vite] (client) hmr update /src/components/TarjetaRanking/style.css
6:41:30 PM [vite] (client) hmr update /src/screens/HomeNext/style.css
6:42:42 PM [vite] (client) hmr update /src/components/TarjetaRanking/style.css
6:45:51 PM [vite] (client) hmr update /src/components/TarjetaRanking/style.css
6:46:01 PM [vite] (client) hmr update /src/components/TarjetaRanking/style.css
