
> florka-fun@1.0.0 dev
> vite --host 0.0.0.0 --port 3000

Port 3000 is in use, trying another one...

  VITE v6.0.4  ready in 296 ms

  ➜  Local:   http://localhost:3001/
  ➜  Network: http://192.168.0.126:3001/
  ➜  Network: http://192.168.0.111:3001/
10:47:02 AM [vite] (client) page reload backend/build/index.html
10:47:02 AM [vite] (ssr) page reload backend/build/index.html
10:47:03 AM [vite] (client) page reload backend/.strapi/client/index.html
10:47:03 AM [vite] (ssr) page reload backend/.strapi/client/index.html
10:47:21 AM [vite] (client) page reload backend/build/index.html
10:47:21 AM [vite] (ssr) page reload backend/build/index.html
10:47:22 AM [vite] (client) page reload backend/build/index.html
10:47:22 AM [vite] (ssr) page reload backend/build/index.html
10:48:36 AM [vite] (client) page reload backend/build/index.html
10:48:36 AM [vite] (ssr) page reload backend/build/index.html
10:48:37 AM [vite] (client) page reload backend/.strapi/client/index.html
10:48:37 AM [vite] (ssr) page reload backend/.strapi/client/index.html
10:48:53 AM [vite] (client) page reload backend/build/index.html
10:48:53 AM [vite] (ssr) page reload backend/build/index.html
10:48:53 AM [vite] (client) page reload backend/build/index.html
10:48:53 AM [vite] (ssr) page reload backend/build/index.html
11:02:00 AM [vite] vite.config.js changed, restarting server...
11:02:00 AM [vite] server restarted.
11:02:26 AM [vite] (client) page reload backend/build/index.html
11:02:26 AM [vite] (ssr) page reload backend/build/index.html
11:02:27 AM [vite] (client) page reload backend/.strapi/client/index.html
11:02:27 AM [vite] (ssr) page reload backend/.strapi/client/index.html
11:02:49 AM [vite] (client) page reload backend/build/index.html
11:02:49 AM [vite] (ssr) page reload backend/build/index.html
11:02:49 AM [vite] (client) page reload backend/build/index.html
11:02:49 AM [vite] (ssr) page reload backend/build/index.html
11:02:55 AM [vite] (client) page reload backend/build/index.html
11:02:55 AM [vite] (ssr) page reload backend/build/index.html
11:02:55 AM [vite] (client) page reload backend/.strapi/client/index.html
11:02:55 AM [vite] (ssr) page reload backend/.strapi/client/index.html
11:03:11 AM [vite] (client) page reload backend/build/index.html
11:03:11 AM [vite] (ssr) page reload backend/build/index.html
11:03:11 AM [vite] (client) page reload backend/build/index.html
11:03:11 AM [vite] (ssr) page reload backend/build/index.html
