
> florkafun-backend@0.1.0 develop
> strapi develop

- Building build context

[INFO] Including the following ENV variables as part of the JS bundle:
    - ADMIN_PATH
    - STRAPI_ADMIN_BACKEND_URL
    - STRAPI_TELEMETRY_DISABLED
✔ Building build context (325ms)
- Creating admin
✔ Creating admin (23123ms)
- Loading Strapi
(node:59386) Warning: [deprecated] In future versions, "sizeLimit" argument will be ignored from upload.config.providerOptions. Move it to upload.config
(Use `node --trace-warnings ...` to show where the warning was created)
[2025-08-20 10:40:57.706] [33mwarn[39m: The strapi::cors middleware no longer supports the `enabled` option. Using it to conditionally enable CORS might cause an insecure default. To disable strapi::cors, remove it from the exported array in config/middleware.js
🚀 Iniciando FlorkaFun Backend...
✅ FlorkaFun Backend iniciado correctamente!
✔ Loading Strapi (6212ms)
- Generating types
✔ Generating types (771ms)
[2025-08-20 10:40:59.911] [34mdebug[39m: ⛔️ Server wasn't able to start properly.
[2025-08-20 10:40:59.911] [31merror[39m: The port 1337 is already used by another application.
